{"/home/danel/arena/server/src/controllers/gameController.js": {"path":"/home/danel/arena/server/src/controllers/gameController.js","statementMap":{"0":{"start":{"line":6,"column":12},"end":{"line":6,"column":23}},"1":{"start":{"line":7,"column":13},"end":{"line":22,"column":1}},"2":{"start":{"line":8,"column":18},"end":{"line":8,"column":20}},"3":{"start":{"line":9,"column":4},"end":{"line":14,"column":5}},"4":{"start":{"line":10,"column":7},"end":{"line":10,"column":46}},"5":{"start":{"line":13,"column":8},"end":{"line":13,"column":37}},"6":{"start":{"line":15,"column":22},"end":{"line":15,"column":123}},"7":{"start":{"line":16,"column":4},"end":{"line":16,"column":28}},"8":{"start":{"line":17,"column":20},"end":{"line":17,"column":43}},"9":{"start":{"line":18,"column":4},"end":{"line":20,"column":7}},"10":{"start":{"line":19,"column":8},"end":{"line":19,"column":29}},"11":{"start":{"line":21,"column":4},"end":{"line":21,"column":19}}},"fnMap":{"0":{"name":"(anonymous_0)","decl":{"start":{"line":7,"column":13},"end":{"line":7,"column":14}},"loc":{"start":{"line":7,"column":27},"end":{"line":22,"column":1}},"line":7},"1":{"name":"(anonymous_1)","decl":{"start":{"line":18,"column":17},"end":{"line":18,"column":18}},"loc":{"start":{"line":18,"column":33},"end":{"line":20,"column":5}},"line":18}},"branchMap":{"0":{"loc":{"start":{"line":9,"column":4},"end":{"line":14,"column":5}},"type":"if","locations":[{"start":{"line":9,"column":4},"end":{"line":14,"column":5}},{"start":{"line":12,"column":8},"end":{"line":14,"column":5}}],"line":9}},"s":{"0":1,"1":1,"2":1,"3":1,"4":1,"5":0,"6":1,"7":1,"8":1,"9":1,"10":0,"11":1},"f":{"0":1,"1":0},"b":{"0":[1,0]},"_coverageSchema":"1a1c01bbd47fc00a2c39e90264f33305004495a9","hash":"fb658eae34da42e9b863d92be67e4534c83e55a5"}
,"/home/danel/arena/server/src/gameLogic/constants.js": {"path":"/home/danel/arena/server/src/gameLogic/constants.js","statementMap":{"0":{"start":{"line":1,"column":26},"end":{"line":1,"column":29}},"1":{"start":{"line":2,"column":26},"end":{"line":2,"column":29}},"2":{"start":{"line":3,"column":29},"end":{"line":3,"column":31}},"3":{"start":{"line":4,"column":29},"end":{"line":4,"column":31}},"4":{"start":{"line":5,"column":30},"end":{"line":5,"column":32}},"5":{"start":{"line":6,"column":27},"end":{"line":6,"column":29}},"6":{"start":{"line":7,"column":30},"end":{"line":7,"column":34}},"7":{"start":{"line":8,"column":28},"end":{"line":8,"column":32}},"8":{"start":{"line":9,"column":34},"end":{"line":9,"column":43}}},"fnMap":{},"branchMap":{},"s":{"0":1,"1":1,"2":1,"3":1,"4":1,"5":1,"6":1,"7":1,"8":1},"f":{},"b":{},"_coverageSchema":"1a1c01bbd47fc00a2c39e90264f33305004495a9","hash":"e8c493c547b15ef8d0948146574ad360f07e324a"}
,"/home/danel/arena/server/src/gameLogic/game.js": {"path":"/home/danel/arena/server/src/gameLogic/game.js","statementMap":{"0":{"start":{"line":6,"column":4},"end":{"line":6,"column":64}},"1":{"start":{"line":6,"column":43},"end":{"line":6,"column":62}},"2":{"start":{"line":7,"column":4},"end":{"line":7,"column":23}},"3":{"start":{"line":8,"column":4},"end":{"line":8,"column":18}},"4":{"start":{"line":12,"column":4},"end":{"line":15,"column":5}},"5":{"start":{"line":12,"column":17},"end":{"line":12,"column":33}},"6":{"start":{"line":13,"column":16},"end":{"line":13,"column":51}},"7":{"start":{"line":14,"column":6},"end":{"line":14,"column":50}},"8":{"start":{"line":16,"column":4},"end":{"line":16,"column":17}},"9":{"start":{"line":20,"column":23},"end":{"line":20,"column":49}},"10":{"start":{"line":21,"column":4},"end":{"line":21,"column":30}},"11":{"start":{"line":22,"column":4},"end":{"line":22,"column":11}},"12":{"start":{"line":23,"column":24},"end":{"line":23,"column":41}},"13":{"start":{"line":24,"column":25},"end":{"line":24,"column":43}},"14":{"start":{"line":27,"column":23},"end":{"line":27,"column":40}},"15":{"start":{"line":28,"column":17},"end":{"line":28,"column":49}},"16":{"start":{"line":29,"column":17},"end":{"line":29,"column":45}},"17":{"start":{"line":32,"column":22},"end":{"line":32,"column":40}},"18":{"start":{"line":33,"column":23},"end":{"line":33,"column":42}},"19":{"start":{"line":36,"column":4},"end":{"line":40,"column":5}},"20":{"start":{"line":37,"column":6},"end":{"line":37,"column":32}},"21":{"start":{"line":39,"column":6},"end":{"line":39,"column":33}},"22":{"start":{"line":42,"column":4},"end":{"line":54,"column":7}},"23":{"start":{"line":43,"column":6},"end":{"line":43,"column":36}},"24":{"start":{"line":44,"column":6},"end":{"line":44,"column":29}},"25":{"start":{"line":46,"column":18},"end":{"line":46,"column":30}},"26":{"start":{"line":47,"column":18},"end":{"line":47,"column":42}},"27":{"start":{"line":50,"column":6},"end":{"line":50,"column":85}},"28":{"start":{"line":51,"column":6},"end":{"line":51,"column":88}},"29":{"start":{"line":52,"column":6},"end":{"line":52,"column":33}},"30":{"start":{"line":53,"column":6},"end":{"line":53,"column":40}},"31":{"start":{"line":56,"column":4},"end":{"line":56,"column":30}},"32":{"start":{"line":57,"column":4},"end":{"line":57,"column":22}},"33":{"start":{"line":62,"column":4},"end":{"line":62,"column":55}},"34":{"start":{"line":62,"column":36},"end":{"line":62,"column":53}},"35":{"start":{"line":65,"column":4},"end":{"line":65,"column":32}},"36":{"start":{"line":66,"column":4},"end":{"line":66,"column":22}},"37":{"start":{"line":69,"column":4},"end":{"line":69,"column":72}},"38":{"start":{"line":69,"column":42},"end":{"line":69,"column":69}},"39":{"start":{"line":72,"column":22},"end":{"line":72,"column":58}},"40":{"start":{"line":73,"column":4},"end":{"line":73,"column":70}},"41":{"start":{"line":73,"column":41},"end":{"line":73,"column":68}},"42":{"start":{"line":77,"column":4},"end":{"line":79,"column":7}},"43":{"start":{"line":78,"column":6},"end":{"line":78,"column":87}},"44":{"start":{"line":82,"column":18},"end":{"line":82,"column":20}},"45":{"start":{"line":83,"column":4},"end":{"line":92,"column":5}},"46":{"start":{"line":83,"column":17},"end":{"line":83,"column":18}},"47":{"start":{"line":84,"column":24},"end":{"line":84,"column":34}},"48":{"start":{"line":85,"column":19},"end":{"line":85,"column":56}},"49":{"start":{"line":86,"column":21},"end":{"line":86,"column":53}},"50":{"start":{"line":87,"column":6},"end":{"line":90,"column":9}},"51":{"start":{"line":91,"column":6},"end":{"line":91,"column":48}},"52":{"start":{"line":93,"column":4},"end":{"line":93,"column":35}},"53":{"start":{"line":94,"column":4},"end":{"line":94,"column":16}},"54":{"start":{"line":98,"column":4},"end":{"line":98,"column":25}},"55":{"start":{"line":99,"column":20},"end":{"line":99,"column":32}},"56":{"start":{"line":100,"column":4},"end":{"line":117,"column":5}},"57":{"start":{"line":101,"column":6},"end":{"line":114,"column":7}},"58":{"start":{"line":102,"column":8},"end":{"line":105,"column":9}},"59":{"start":{"line":103,"column":10},"end":{"line":103,"column":49}},"60":{"start":{"line":104,"column":10},"end":{"line":104,"column":16}},"61":{"start":{"line":106,"column":29},"end":{"line":106,"column":58}},"62":{"start":{"line":107,"column":8},"end":{"line":113,"column":9}},"63":{"start":{"line":107,"column":20},"end":{"line":107,"column":21}},"64":{"start":{"line":108,"column":27},"end":{"line":108,"column":42}},"65":{"start":{"line":109,"column":10},"end":{"line":109,"column":44}},"66":{"start":{"line":109,"column":35},"end":{"line":109,"column":44}},"67":{"start":{"line":110,"column":31},"end":{"line":110,"column":108}},"68":{"start":{"line":110,"column":78},"end":{"line":110,"column":107}},"69":{"start":{"line":111,"column":30},"end":{"line":111,"column":91}},"70":{"start":{"line":112,"column":10},"end":{"line":112,"column":39}},"71":{"start":{"line":116,"column":6},"end":{"line":116,"column":23}},"72":{"start":{"line":118,"column":20},"end":{"line":118,"column":50}},"73":{"start":{"line":119,"column":4},"end":{"line":122,"column":5}},"74":{"start":{"line":126,"column":4},"end":{"line":126,"column":40}},"75":{"start":{"line":127,"column":4},"end":{"line":127,"column":23}},"76":{"start":{"line":128,"column":20},"end":{"line":128,"column":32}},"77":{"start":{"line":129,"column":4},"end":{"line":129,"column":60}},"78":{"start":{"line":129,"column":33},"end":{"line":129,"column":58}},"79":{"start":{"line":130,"column":18},"end":{"line":130,"column":19}},"80":{"start":{"line":131,"column":22},"end":{"line":131,"column":32}},"81":{"start":{"line":132,"column":4},"end":{"line":168,"column":5}},"82":{"start":{"line":133,"column":6},"end":{"line":154,"column":7}},"83":{"start":{"line":134,"column":8},"end":{"line":136,"column":9}},"84":{"start":{"line":135,"column":10},"end":{"line":135,"column":16}},"85":{"start":{"line":137,"column":8},"end":{"line":137,"column":139}},"86":{"start":{"line":138,"column":29},"end":{"line":138,"column":58}},"87":{"start":{"line":139,"column":8},"end":{"line":139,"column":18}},"88":{"start":{"line":140,"column":8},"end":{"line":150,"column":9}},"89":{"start":{"line":140,"column":21},"end":{"line":140,"column":22}},"90":{"start":{"line":141,"column":27},"end":{"line":141,"column":42}},"91":{"start":{"line":142,"column":10},"end":{"line":142,"column":45}},"92":{"start":{"line":142,"column":36},"end":{"line":142,"column":45}},"93":{"start":{"line":143,"column":10},"end":{"line":143,"column":48}},"94":{"start":{"line":144,"column":26},"end":{"line":144,"column":103}},"95":{"start":{"line":144,"column":73},"end":{"line":144,"column":102}},"96":{"start":{"line":145,"column":10},"end":{"line":145,"column":33}},"97":{"start":{"line":146,"column":10},"end":{"line":146,"column":64}},"98":{"start":{"line":146,"column":58},"end":{"line":146,"column":64}},"99":{"start":{"line":147,"column":10},"end":{"line":147,"column":76}},"100":{"start":{"line":147,"column":39},"end":{"line":147,"column":74}},"101":{"start":{"line":149,"column":10},"end":{"line":149,"column":32}},"102":{"start":{"line":149,"column":26},"end":{"line":149,"column":32}},"103":{"start":{"line":151,"column":8},"end":{"line":151,"column":39}},"104":{"start":{"line":152,"column":8},"end":{"line":152,"column":36}},"105":{"start":{"line":153,"column":8},"end":{"line":153,"column":72}},"106":{"start":{"line":153,"column":37},"end":{"line":153,"column":70}},"107":{"start":{"line":155,"column":6},"end":{"line":157,"column":7}},"108":{"start":{"line":156,"column":8},"end":{"line":156,"column":43}},"109":{"start":{"line":158,"column":22},"end":{"line":158,"column":52}},"110":{"start":{"line":159,"column":6},"end":{"line":164,"column":7}},"111":{"start":{"line":160,"column":8},"end":{"line":160,"column":110}},"112":{"start":{"line":160,"column":82},"end":{"line":160,"column":93}},"113":{"start":{"line":162,"column":23},"end":{"line":162,"column":33}},"114":{"start":{"line":163,"column":8},"end":{"line":163,"column":171}},"115":{"start":{"line":165,"column":6},"end":{"line":165,"column":21}},"116":{"start":{"line":167,"column":6},"end":{"line":167,"column":25}}},"fnMap":{"0":{"name":"(anonymous_0)","decl":{"start":{"line":5,"column":2},"end":{"line":5,"column":3}},"loc":{"start":{"line":5,"column":28},"end":{"line":10,"column":3}},"line":5},"1":{"name":"(anonymous_1)","decl":{"start":{"line":6,"column":31},"end":{"line":6,"column":32}},"loc":{"start":{"line":6,"column":43},"end":{"line":6,"column":62}},"line":6},"2":{"name":"(anonymous_2)","decl":{"start":{"line":11,"column":2},"end":{"line":11,"column":3}},"loc":{"start":{"line":11,"column":17},"end":{"line":17,"column":3}},"line":11},"3":{"name":"(anonymous_3)","decl":{"start":{"line":19,"column":2},"end":{"line":19,"column":3}},"loc":{"start":{"line":19,"column":16},"end":{"line":58,"column":3}},"line":19},"4":{"name":"(anonymous_4)","decl":{"start":{"line":42,"column":23},"end":{"line":42,"column":24}},"loc":{"start":{"line":42,"column":42},"end":{"line":54,"column":5}},"line":42},"5":{"name":"(anonymous_5)","decl":{"start":{"line":61,"column":2},"end":{"line":61,"column":3}},"loc":{"start":{"line":61,"column":27},"end":{"line":63,"column":3}},"line":61},"6":{"name":"(anonymous_6)","decl":{"start":{"line":62,"column":26},"end":{"line":62,"column":27}},"loc":{"start":{"line":62,"column":36},"end":{"line":62,"column":53}},"line":62},"7":{"name":"(anonymous_7)","decl":{"start":{"line":64,"column":2},"end":{"line":64,"column":3}},"loc":{"start":{"line":64,"column":9},"end":{"line":67,"column":3}},"line":64},"8":{"name":"(anonymous_8)","decl":{"start":{"line":68,"column":2},"end":{"line":68,"column":3}},"loc":{"start":{"line":68,"column":27},"end":{"line":70,"column":3}},"line":68},"9":{"name":"(anonymous_9)","decl":{"start":{"line":69,"column":31},"end":{"line":69,"column":32}},"loc":{"start":{"line":69,"column":42},"end":{"line":69,"column":69}},"line":69},"10":{"name":"(anonymous_10)","decl":{"start":{"line":71,"column":2},"end":{"line":71,"column":3}},"loc":{"start":{"line":71,"column":28},"end":{"line":74,"column":3}},"line":71},"11":{"name":"(anonymous_11)","decl":{"start":{"line":73,"column":31},"end":{"line":73,"column":32}},"loc":{"start":{"line":73,"column":41},"end":{"line":73,"column":68}},"line":73},"12":{"name":"(anonymous_12)","decl":{"start":{"line":76,"column":2},"end":{"line":76,"column":3}},"loc":{"start":{"line":76,"column":30},"end":{"line":80,"column":3}},"line":76},"13":{"name":"(anonymous_13)","decl":{"start":{"line":77,"column":20},"end":{"line":77,"column":21}},"loc":{"start":{"line":77,"column":30},"end":{"line":79,"column":5}},"line":77},"14":{"name":"(anonymous_14)","decl":{"start":{"line":81,"column":2},"end":{"line":81,"column":3}},"loc":{"start":{"line":81,"column":48},"end":{"line":95,"column":3}},"line":81},"15":{"name":"(anonymous_15)","decl":{"start":{"line":96,"column":2},"end":{"line":96,"column":3}},"loc":{"start":{"line":96,"column":41},"end":{"line":123,"column":3}},"line":96},"16":{"name":"(anonymous_16)","decl":{"start":{"line":110,"column":68},"end":{"line":110,"column":69}},"loc":{"start":{"line":110,"column":78},"end":{"line":110,"column":107}},"line":110},"17":{"name":"(anonymous_17)","decl":{"start":{"line":124,"column":2},"end":{"line":124,"column":3}},"loc":{"start":{"line":124,"column":29},"end":{"line":169,"column":3}},"line":124},"18":{"name":"(anonymous_18)","decl":{"start":{"line":129,"column":22},"end":{"line":129,"column":23}},"loc":{"start":{"line":129,"column":33},"end":{"line":129,"column":58}},"line":129},"19":{"name":"(anonymous_19)","decl":{"start":{"line":144,"column":63},"end":{"line":144,"column":64}},"loc":{"start":{"line":144,"column":73},"end":{"line":144,"column":102}},"line":144},"20":{"name":"(anonymous_20)","decl":{"start":{"line":147,"column":28},"end":{"line":147,"column":29}},"loc":{"start":{"line":147,"column":39},"end":{"line":147,"column":74}},"line":147},"21":{"name":"(anonymous_21)","decl":{"start":{"line":153,"column":26},"end":{"line":153,"column":27}},"loc":{"start":{"line":153,"column":37},"end":{"line":153,"column":70}},"line":153},"22":{"name":"(anonymous_22)","decl":{"start":{"line":160,"column":72},"end":{"line":160,"column":73}},"loc":{"start":{"line":160,"column":82},"end":{"line":160,"column":93}},"line":160}},"branchMap":{"0":{"loc":{"start":{"line":36,"column":4},"end":{"line":40,"column":5}},"type":"if","locations":[{"start":{"line":36,"column":4},"end":{"line":40,"column":5}},{"start":{"line":38,"column":11},"end":{"line":40,"column":5}}],"line":36},"1":{"loc":{"start":{"line":69,"column":42},"end":{"line":69,"column":69}},"type":"cond-expr","locations":[{"start":{"line":69,"column":64},"end":{"line":69,"column":65}},{"start":{"line":69,"column":68},"end":{"line":69,"column":69}}],"line":69},"2":{"loc":{"start":{"line":81,"column":24},"end":{"line":81,"column":32}},"type":"default-arg","locations":[{"start":{"line":81,"column":30},"end":{"line":81,"column":32}}],"line":81},"3":{"loc":{"start":{"line":102,"column":8},"end":{"line":105,"column":9}},"type":"if","locations":[{"start":{"line":102,"column":8},"end":{"line":105,"column":9}},{"start":{},"end":{}}],"line":102},"4":{"loc":{"start":{"line":109,"column":10},"end":{"line":109,"column":44}},"type":"if","locations":[{"start":{"line":109,"column":10},"end":{"line":109,"column":44}},{"start":{},"end":{}}],"line":109},"5":{"loc":{"start":{"line":120,"column":15},"end":{"line":120,"column":50}},"type":"cond-expr","locations":[{"start":{"line":120,"column":36},"end":{"line":120,"column":42}},{"start":{"line":120,"column":45},"end":{"line":120,"column":50}}],"line":120},"6":{"loc":{"start":{"line":133,"column":13},"end":{"line":133,"column":68}},"type":"binary-expr","locations":[{"start":{"line":133,"column":13},"end":{"line":133,"column":53}},{"start":{"line":133,"column":57},"end":{"line":133,"column":68}}],"line":133},"7":{"loc":{"start":{"line":134,"column":8},"end":{"line":136,"column":9}},"type":"if","locations":[{"start":{"line":134,"column":8},"end":{"line":136,"column":9}},{"start":{},"end":{}}],"line":134},"8":{"loc":{"start":{"line":142,"column":10},"end":{"line":142,"column":45}},"type":"if","locations":[{"start":{"line":142,"column":10},"end":{"line":142,"column":45}},{"start":{},"end":{}}],"line":142},"9":{"loc":{"start":{"line":146,"column":10},"end":{"line":146,"column":64}},"type":"if","locations":[{"start":{"line":146,"column":10},"end":{"line":146,"column":64}},{"start":{},"end":{}}],"line":146},"10":{"loc":{"start":{"line":149,"column":10},"end":{"line":149,"column":32}},"type":"if","locations":[{"start":{"line":149,"column":10},"end":{"line":149,"column":32}},{"start":{},"end":{}}],"line":149},"11":{"loc":{"start":{"line":155,"column":6},"end":{"line":157,"column":7}},"type":"if","locations":[{"start":{"line":155,"column":6},"end":{"line":157,"column":7}},{"start":{},"end":{}}],"line":155},"12":{"loc":{"start":{"line":159,"column":6},"end":{"line":164,"column":7}},"type":"if","locations":[{"start":{"line":159,"column":6},"end":{"line":164,"column":7}},{"start":{"line":161,"column":13},"end":{"line":164,"column":7}}],"line":159}},"s":{"0":1,"1":6,"2":1,"3":1,"4":1,"5":1,"6":5,"7":5,"8":1,"9":1,"10":1,"11":1,"12":0,"13":0,"14":0,"15":0,"16":0,"17":0,"18":0,"19":0,"20":0,"21":0,"22":0,"23":0,"24":0,"25":0,"26":0,"27":0,"28":0,"29":0,"30":0,"31":0,"32":0,"33":0,"34":0,"35":0,"36":0,"37":0,"38":0,"39":0,"40":0,"41":0,"42":0,"43":0,"44":0,"45":0,"46":0,"47":0,"48":0,"49":0,"50":0,"51":0,"52":0,"53":0,"54":0,"55":0,"56":0,"57":0,"58":0,"59":0,"60":0,"61":0,"62":0,"63":0,"64":0,"65":0,"66":0,"67":0,"68":0,"69":0,"70":0,"71":0,"72":0,"73":0,"74":1,"75":1,"76":1,"77":1,"78":1,"79":0,"80":0,"81":0,"82":0,"83":0,"84":0,"85":0,"86":0,"87":0,"88":0,"89":0,"90":0,"91":0,"92":0,"93":0,"94":0,"95":0,"96":0,"97":0,"98":0,"99":0,"100":0,"101":0,"102":0,"103":0,"104":0,"105":0,"106":0,"107":0,"108":0,"109":0,"110":0,"111":0,"112":0,"113":0,"114":0,"115":0,"116":0},"f":{"0":1,"1":6,"2":1,"3":1,"4":0,"5":0,"6":0,"7":0,"8":0,"9":0,"10":0,"11":0,"12":0,"13":0,"14":0,"15":0,"16":0,"17":1,"18":1,"19":0,"20":0,"21":0,"22":0},"b":{"0":[0,0],"1":[0,0],"2":[0],"3":[0,0],"4":[0,0],"5":[0,0],"6":[0,0],"7":[0,0],"8":[0,0],"9":[0,0],"10":[0,0],"11":[0,0],"12":[0,0]},"_coverageSchema":"1a1c01bbd47fc00a2c39e90264f33305004495a9","hash":"6d4575d3d117fc95a91ac4a2d17992128d1e02c6"}
,"/home/danel/arena/server/src/gameLogic/player.js": {"path":"/home/danel/arena/server/src/gameLogic/player.js","statementMap":{"0":{"start":{"line":3,"column":16},"end":{"line":7,"column":1}},"1":{"start":{"line":8,"column":14},"end":{"line":8,"column":117}},"2":{"start":{"line":10,"column":4},"end":{"line":10,"column":46}},"3":{"start":{"line":14,"column":8},"end":{"line":14,"column":25}},"4":{"start":{"line":15,"column":8},"end":{"line":15,"column":29}},"5":{"start":{"line":16,"column":8},"end":{"line":16,"column":29}},"6":{"start":{"line":17,"column":8},"end":{"line":17,"column":39}},"7":{"start":{"line":18,"column":8},"end":{"line":18,"column":41}},"8":{"start":{"line":19,"column":8},"end":{"line":19,"column":23}},"9":{"start":{"line":23,"column":8},"end":{"line":23,"column":29}},"10":{"start":{"line":24,"column":8},"end":{"line":24,"column":28}},"11":{"start":{"line":28,"column":8},"end":{"line":28,"column":136}},"12":{"start":{"line":31,"column":8},"end":{"line":38,"column":10}},"13":{"start":{"line":42,"column":8},"end":{"line":61,"column":9}},"14":{"start":{"line":43,"column":12},"end":{"line":43,"column":35}},"15":{"start":{"line":44,"column":12},"end":{"line":44,"column":41}},"16":{"start":{"line":45,"column":12},"end":{"line":45,"column":71}},"17":{"start":{"line":46,"column":12},"end":{"line":51,"column":13}},"18":{"start":{"line":47,"column":16},"end":{"line":47,"column":85}},"19":{"start":{"line":48,"column":16},"end":{"line":48,"column":45}},"20":{"start":{"line":49,"column":16},"end":{"line":49,"column":41}},"21":{"start":{"line":50,"column":16},"end":{"line":50,"column":23}},"22":{"start":{"line":52,"column":12},"end":{"line":52,"column":45}},"23":{"start":{"line":53,"column":12},"end":{"line":53,"column":59}},"24":{"start":{"line":54,"column":12},"end":{"line":54,"column":35}},"25":{"start":{"line":55,"column":12},"end":{"line":55,"column":128}},"26":{"start":{"line":56,"column":12},"end":{"line":58,"column":13}},"27":{"start":{"line":57,"column":16},"end":{"line":57,"column":59}},"28":{"start":{"line":60,"column":12},"end":{"line":60,"column":100}},"29":{"start":{"line":65,"column":8},"end":{"line":72,"column":9}},"30":{"start":{"line":66,"column":12},"end":{"line":66,"column":42}},"31":{"start":{"line":67,"column":12},"end":{"line":67,"column":36}},"32":{"start":{"line":68,"column":12},"end":{"line":68,"column":33}},"33":{"start":{"line":69,"column":12},"end":{"line":69,"column":61}},"34":{"start":{"line":71,"column":12},"end":{"line":71,"column":83}},"35":{"start":{"line":76,"column":8},"end":{"line":83,"column":9}},"36":{"start":{"line":77,"column":12},"end":{"line":77,"column":39}},"37":{"start":{"line":78,"column":12},"end":{"line":78,"column":60}},"38":{"start":{"line":79,"column":12},"end":{"line":79,"column":33}},"39":{"start":{"line":80,"column":12},"end":{"line":80,"column":58}},"40":{"start":{"line":82,"column":12},"end":{"line":82,"column":64}},"41":{"start":{"line":87,"column":8},"end":{"line":87,"column":41}},"42":{"start":{"line":93,"column":4},"end":{"line":99,"column":5}},"43":{"start":{"line":94,"column":24},"end":{"line":94,"column":26}},"44":{"start":{"line":95,"column":8},"end":{"line":97,"column":9}},"45":{"start":{"line":95,"column":21},"end":{"line":95,"column":22}},"46":{"start":{"line":96,"column":12},"end":{"line":96,"column":118}},"47":{"start":{"line":98,"column":8},"end":{"line":98,"column":23}},"48":{"start":{"line":100,"column":20},"end":{"line":108,"column":5}},"49":{"start":{"line":110,"column":4},"end":{"line":110,"column":19}},"50":{"start":{"line":113,"column":4},"end":{"line":113,"column":79}}},"fnMap":{"0":{"name":"getSprite","decl":{"start":{"line":9,"column":9},"end":{"line":9,"column":18}},"loc":{"start":{"line":9,"column":25},"end":{"line":11,"column":1}},"line":9},"1":{"name":"(anonymous_1)","decl":{"start":{"line":13,"column":4},"end":{"line":13,"column":5}},"loc":{"start":{"line":13,"column":71},"end":{"line":26,"column":5}},"line":13},"2":{"name":"(anonymous_2)","decl":{"start":{"line":27,"column":4},"end":{"line":27,"column":5}},"loc":{"start":{"line":27,"column":24},"end":{"line":29,"column":5}},"line":27},"3":{"name":"(anonymous_3)","decl":{"start":{"line":30,"column":4},"end":{"line":30,"column":5}},"loc":{"start":{"line":30,"column":14},"end":{"line":39,"column":5}},"line":30},"4":{"name":"(anonymous_4)","decl":{"start":{"line":41,"column":4},"end":{"line":41,"column":5}},"loc":{"start":{"line":41,"column":21},"end":{"line":62,"column":5}},"line":41},"5":{"name":"(anonymous_5)","decl":{"start":{"line":64,"column":4},"end":{"line":64,"column":5}},"loc":{"start":{"line":64,"column":13},"end":{"line":73,"column":5}},"line":64},"6":{"name":"(anonymous_6)","decl":{"start":{"line":75,"column":4},"end":{"line":75,"column":5}},"loc":{"start":{"line":75,"column":11},"end":{"line":84,"column":5}},"line":75},"7":{"name":"(anonymous_7)","decl":{"start":{"line":85,"column":4},"end":{"line":85,"column":5}},"loc":{"start":{"line":85,"column":18},"end":{"line":88,"column":5}},"line":85},"8":{"name":"createPlayers","decl":{"start":{"line":92,"column":16},"end":{"line":92,"column":29}},"loc":{"start":{"line":92,"column":66},"end":{"line":111,"column":1}},"line":92},"9":{"name":"createPlayer","decl":{"start":{"line":112,"column":16},"end":{"line":112,"column":28}},"loc":{"start":{"line":112,"column":52},"end":{"line":114,"column":1}},"line":112}},"branchMap":{"0":{"loc":{"start":{"line":42,"column":8},"end":{"line":61,"column":9}},"type":"if","locations":[{"start":{"line":42,"column":8},"end":{"line":61,"column":9}},{"start":{"line":59,"column":15},"end":{"line":61,"column":9}}],"line":42},"1":{"loc":{"start":{"line":46,"column":12},"end":{"line":51,"column":13}},"type":"if","locations":[{"start":{"line":46,"column":12},"end":{"line":51,"column":13}},{"start":{},"end":{}}],"line":46},"2":{"loc":{"start":{"line":56,"column":12},"end":{"line":58,"column":13}},"type":"if","locations":[{"start":{"line":56,"column":12},"end":{"line":58,"column":13}},{"start":{},"end":{}}],"line":56},"3":{"loc":{"start":{"line":65,"column":8},"end":{"line":72,"column":9}},"type":"if","locations":[{"start":{"line":65,"column":8},"end":{"line":72,"column":9}},{"start":{"line":70,"column":15},"end":{"line":72,"column":9}}],"line":65},"4":{"loc":{"start":{"line":76,"column":8},"end":{"line":83,"column":9}},"type":"if","locations":[{"start":{"line":76,"column":8},"end":{"line":83,"column":9}},{"start":{"line":81,"column":15},"end":{"line":83,"column":9}}],"line":76},"5":{"loc":{"start":{"line":92,"column":34},"end":{"line":92,"column":46}},"type":"default-arg","locations":[{"start":{"line":92,"column":41},"end":{"line":92,"column":46}}],"line":92},"6":{"loc":{"start":{"line":92,"column":47},"end":{"line":92,"column":64}},"type":"default-arg","locations":[{"start":{"line":92,"column":63},"end":{"line":92,"column":64}}],"line":92},"7":{"loc":{"start":{"line":93,"column":4},"end":{"line":99,"column":5}},"type":"if","locations":[{"start":{"line":93,"column":4},"end":{"line":99,"column":5}},{"start":{},"end":{}}],"line":93}},"s":{"0":1,"1":1,"2":5,"3":12,"4":12,"5":12,"6":12,"7":12,"8":12,"9":12,"10":12,"11":6,"12":0,"13":0,"14":0,"15":0,"16":0,"17":0,"18":0,"19":0,"20":0,"21":0,"22":0,"23":0,"24":0,"25":0,"26":0,"27":0,"28":0,"29":0,"30":0,"31":0,"32":0,"33":0,"34":0,"35":0,"36":0,"37":0,"38":0,"39":0,"40":0,"41":0,"42":1,"43":1,"44":1,"45":1,"46":5,"47":1,"48":0,"49":0,"50":1},"f":{"0":5,"1":12,"2":6,"3":0,"4":0,"5":0,"6":0,"7":0,"8":1,"9":1},"b":{"0":[0,0],"1":[0,0],"2":[0,0],"3":[0,0],"4":[0,0],"5":[0],"6":[0],"7":[1,0]},"_coverageSchema":"1a1c01bbd47fc00a2c39e90264f33305004495a9","hash":"9ed05dac0ff36458ead15b50f3a0f34ff8a2c4af"}
,"/home/danel/arena/server/src/gameLogic/strategies.js": {"path":"/home/danel/arena/server/src/gameLogic/strategies.js","statementMap":{"0":{"start":{"line":3,"column":19},"end":{"line":19,"column":1}},"1":{"start":{"line":5,"column":25},"end":{"line":5,"column":38}},"2":{"start":{"line":6,"column":4},"end":{"line":18,"column":5}},"3":{"start":{"line":7,"column":20},"end":{"line":7,"column":71}},"4":{"start":{"line":8,"column":8},"end":{"line":10,"column":9}},"5":{"start":{"line":9,"column":12},"end":{"line":9,"column":72}},"6":{"start":{"line":11,"column":8},"end":{"line":11,"column":36}},"7":{"start":{"line":13,"column":9},"end":{"line":18,"column":5}},"8":{"start":{"line":14,"column":8},"end":{"line":14,"column":31}},"9":{"start":{"line":17,"column":8},"end":{"line":17,"column":29}},"10":{"start":{"line":20,"column":18},"end":{"line":35,"column":1}},"11":{"start":{"line":21,"column":4},"end":{"line":23,"column":5}},"12":{"start":{"line":22,"column":8},"end":{"line":22,"column":28}},"13":{"start":{"line":24,"column":4},"end":{"line":27,"column":5}},"14":{"start":{"line":26,"column":8},"end":{"line":26,"column":31}},"15":{"start":{"line":28,"column":16},"end":{"line":28,"column":67}},"16":{"start":{"line":29,"column":4},"end":{"line":31,"column":5}},"17":{"start":{"line":30,"column":8},"end":{"line":30,"column":68}},"18":{"start":{"line":32,"column":4},"end":{"line":32,"column":32}},"19":{"start":{"line":39,"column":16},"end":{"line":39,"column":67}},"20":{"start":{"line":40,"column":4},"end":{"line":42,"column":5}},"21":{"start":{"line":41,"column":8},"end":{"line":41,"column":68}},"22":{"start":{"line":43,"column":4},"end":{"line":69,"column":5}},"23":{"start":{"line":44,"column":8},"end":{"line":48,"column":9}},"24":{"start":{"line":45,"column":12},"end":{"line":45,"column":40}},"25":{"start":{"line":47,"column":12},"end":{"line":47,"column":35}},"26":{"start":{"line":50,"column":11},"end":{"line":69,"column":5}},"27":{"start":{"line":51,"column":8},"end":{"line":57,"column":9}},"28":{"start":{"line":52,"column":12},"end":{"line":56,"column":13}},"29":{"start":{"line":53,"column":16},"end":{"line":53,"column":44}},"30":{"start":{"line":55,"column":16},"end":{"line":55,"column":37}},"31":{"start":{"line":58,"column":8},"end":{"line":58,"column":31}},"32":{"start":{"line":60,"column":11},"end":{"line":69,"column":5}},"33":{"start":{"line":61,"column":8},"end":{"line":61,"column":29}},"34":{"start":{"line":64,"column":8},"end":{"line":68,"column":9}},"35":{"start":{"line":65,"column":12},"end":{"line":65,"column":40}},"36":{"start":{"line":67,"column":12},"end":{"line":67,"column":33}},"37":{"start":{"line":71,"column":18},"end":{"line":122,"column":1}},"38":{"start":{"line":72,"column":28},"end":{"line":72,"column":46}},"39":{"start":{"line":73,"column":25},"end":{"line":73,"column":38}},"40":{"start":{"line":74,"column":32},"end":{"line":74,"column":34}},"41":{"start":{"line":75,"column":29},"end":{"line":75,"column":31}},"42":{"start":{"line":76,"column":21},"end":{"line":76,"column":35}},"43":{"start":{"line":77,"column":24},"end":{"line":77,"column":26}},"44":{"start":{"line":79,"column":4},"end":{"line":121,"column":5}},"45":{"start":{"line":80,"column":8},"end":{"line":80,"column":31}},"46":{"start":{"line":82,"column":9},"end":{"line":121,"column":5}},"47":{"start":{"line":83,"column":8},"end":{"line":83,"column":29}},"48":{"start":{"line":85,"column":9},"end":{"line":121,"column":5}},"49":{"start":{"line":86,"column":8},"end":{"line":95,"column":9}},"50":{"start":{"line":86,"column":21},"end":{"line":86,"column":22}},"51":{"start":{"line":88,"column":12},"end":{"line":93,"column":13}},"52":{"start":{"line":89,"column":16},"end":{"line":92,"column":17}},"53":{"start":{"line":90,"column":20},"end":{"line":90,"column":59}},"54":{"start":{"line":96,"column":8},"end":{"line":118,"column":9}},"55":{"start":{"line":98,"column":34},"end":{"line":98,"column":90}},"56":{"start":{"line":99,"column":12},"end":{"line":104,"column":13}},"57":{"start":{"line":99,"column":25},"end":{"line":99,"column":26}},"58":{"start":{"line":100,"column":16},"end":{"line":102,"column":17}},"59":{"start":{"line":101,"column":20},"end":{"line":101,"column":56}},"60":{"start":{"line":106,"column":12},"end":{"line":106,"column":64}},"61":{"start":{"line":110,"column":12},"end":{"line":116,"column":13}},"62":{"start":{"line":110,"column":29},"end":{"line":110,"column":30}},"63":{"start":{"line":111,"column":16},"end":{"line":114,"column":17}},"64":{"start":{"line":112,"column":20},"end":{"line":112,"column":69}},"65":{"start":{"line":113,"column":20},"end":{"line":113,"column":65}},"66":{"start":{"line":120,"column":8},"end":{"line":120,"column":44}},"67":{"start":{"line":123,"column":22},"end":{"line":144,"column":1}},"68":{"start":{"line":126,"column":25},"end":{"line":126,"column":38}},"69":{"start":{"line":127,"column":4},"end":{"line":143,"column":31}},"70":{"start":{"line":129,"column":8},"end":{"line":129,"column":29}},"71":{"start":{"line":130,"column":11},"end":{"line":143,"column":31}},"72":{"start":{"line":131,"column":27},"end":{"line":131,"column":31}},"73":{"start":{"line":134,"column":29},"end":{"line":134,"column":80}},"74":{"start":{"line":134,"column":53},"end":{"line":134,"column":79}},"75":{"start":{"line":135,"column":31},"end":{"line":135,"column":129}},"76":{"start":{"line":135,"column":60},"end":{"line":135,"column":128}},"77":{"start":{"line":135,"column":114},"end":{"line":135,"column":126}},"78":{"start":{"line":139,"column":8},"end":{"line":139,"column":89}},"79":{"start":{"line":141,"column":8},"end":{"line":141,"column":43}},"80":{"start":{"line":143,"column":8},"end":{"line":143,"column":31}},"81":{"start":{"line":147,"column":19},"end":{"line":154,"column":6}},"82":{"start":{"line":148,"column":20},"end":{"line":148,"column":89}},"83":{"start":{"line":150,"column":8},"end":{"line":152,"column":9}},"84":{"start":{"line":151,"column":12},"end":{"line":151,"column":25}},"85":{"start":{"line":153,"column":8},"end":{"line":153,"column":32}},"86":{"start":{"line":157,"column":4},"end":{"line":157,"column":45}},"87":{"start":{"line":157,"column":26},"end":{"line":157,"column":43}},"88":{"start":{"line":160,"column":4},"end":{"line":169,"column":5}},"89":{"start":{"line":162,"column":8},"end":{"line":162,"column":56}},"90":{"start":{"line":163,"column":11},"end":{"line":169,"column":5}},"91":{"start":{"line":165,"column":8},"end":{"line":165,"column":24}},"92":{"start":{"line":168,"column":8},"end":{"line":168,"column":22}}},"fnMap":{"0":{"name":"(anonymous_0)","decl":{"start":{"line":3,"column":19},"end":{"line":3,"column":20}},"loc":{"start":{"line":3,"column":46},"end":{"line":19,"column":1}},"line":3},"1":{"name":"(anonymous_1)","decl":{"start":{"line":20,"column":18},"end":{"line":20,"column":19}},"loc":{"start":{"line":20,"column":45},"end":{"line":35,"column":1}},"line":20},"2":{"name":"grupoVerde","decl":{"start":{"line":36,"column":9},"end":{"line":36,"column":19}},"loc":{"start":{"line":36,"column":37},"end":{"line":70,"column":1}},"line":36},"3":{"name":"(anonymous_3)","decl":{"start":{"line":71,"column":18},"end":{"line":71,"column":19}},"loc":{"start":{"line":71,"column":45},"end":{"line":122,"column":1}},"line":71},"4":{"name":"(anonymous_4)","decl":{"start":{"line":123,"column":22},"end":{"line":123,"column":23}},"loc":{"start":{"line":123,"column":49},"end":{"line":144,"column":1}},"line":123},"5":{"name":"(anonymous_5)","decl":{"start":{"line":134,"column":44},"end":{"line":134,"column":45}},"loc":{"start":{"line":134,"column":53},"end":{"line":134,"column":79}},"line":134},"6":{"name":"(anonymous_6)","decl":{"start":{"line":135,"column":51},"end":{"line":135,"column":52}},"loc":{"start":{"line":135,"column":60},"end":{"line":135,"column":128}},"line":135},"7":{"name":"(anonymous_7)","decl":{"start":{"line":135,"column":105},"end":{"line":135,"column":106}},"loc":{"start":{"line":135,"column":114},"end":{"line":135,"column":126}},"line":135},"8":{"name":"chatGpt","decl":{"start":{"line":145,"column":9},"end":{"line":145,"column":16}},"loc":{"start":{"line":145,"column":34},"end":{"line":170,"column":1}},"line":145},"9":{"name":"(anonymous_9)","decl":{"start":{"line":147,"column":31},"end":{"line":147,"column":32}},"loc":{"start":{"line":147,"column":40},"end":{"line":154,"column":5}},"line":147},"10":{"name":"(anonymous_10)","decl":{"start":{"line":157,"column":16},"end":{"line":157,"column":17}},"loc":{"start":{"line":157,"column":26},"end":{"line":157,"column":43}},"line":157}},"branchMap":{"0":{"loc":{"start":{"line":6,"column":4},"end":{"line":18,"column":5}},"type":"if","locations":[{"start":{"line":6,"column":4},"end":{"line":18,"column":5}},{"start":{"line":13,"column":9},"end":{"line":18,"column":5}}],"line":6},"1":{"loc":{"start":{"line":13,"column":9},"end":{"line":18,"column":5}},"type":"if","locations":[{"start":{"line":13,"column":9},"end":{"line":18,"column":5}},{"start":{"line":16,"column":9},"end":{"line":18,"column":5}}],"line":13},"2":{"loc":{"start":{"line":21,"column":4},"end":{"line":23,"column":5}},"type":"if","locations":[{"start":{"line":21,"column":4},"end":{"line":23,"column":5}},{"start":{},"end":{}}],"line":21},"3":{"loc":{"start":{"line":24,"column":4},"end":{"line":27,"column":5}},"type":"if","locations":[{"start":{"line":24,"column":4},"end":{"line":27,"column":5}},{"start":{},"end":{}}],"line":24},"4":{"loc":{"start":{"line":24,"column":8},"end":{"line":24,"column":59}},"type":"binary-expr","locations":[{"start":{"line":24,"column":8},"end":{"line":24,"column":36}},{"start":{"line":24,"column":40},"end":{"line":24,"column":59}}],"line":24},"5":{"loc":{"start":{"line":43,"column":4},"end":{"line":69,"column":5}},"type":"if","locations":[{"start":{"line":43,"column":4},"end":{"line":69,"column":5}},{"start":{"line":50,"column":11},"end":{"line":69,"column":5}}],"line":43},"6":{"loc":{"start":{"line":43,"column":8},"end":{"line":43,"column":50}},"type":"binary-expr","locations":[{"start":{"line":43,"column":8},"end":{"line":43,"column":27}},{"start":{"line":43,"column":31},"end":{"line":43,"column":50}}],"line":43},"7":{"loc":{"start":{"line":44,"column":8},"end":{"line":48,"column":9}},"type":"if","locations":[{"start":{"line":44,"column":8},"end":{"line":48,"column":9}},{"start":{"line":46,"column":15},"end":{"line":48,"column":9}}],"line":44},"8":{"loc":{"start":{"line":50,"column":11},"end":{"line":69,"column":5}},"type":"if","locations":[{"start":{"line":50,"column":11},"end":{"line":69,"column":5}},{"start":{"line":60,"column":11},"end":{"line":69,"column":5}}],"line":50},"9":{"loc":{"start":{"line":50,"column":15},"end":{"line":50,"column":55}},"type":"binary-expr","locations":[{"start":{"line":50,"column":15},"end":{"line":50,"column":33}},{"start":{"line":50,"column":37},"end":{"line":50,"column":55}}],"line":50},"10":{"loc":{"start":{"line":51,"column":8},"end":{"line":57,"column":9}},"type":"if","locations":[{"start":{"line":51,"column":8},"end":{"line":57,"column":9}},{"start":{},"end":{}}],"line":51},"11":{"loc":{"start":{"line":52,"column":12},"end":{"line":56,"column":13}},"type":"if","locations":[{"start":{"line":52,"column":12},"end":{"line":56,"column":13}},{"start":{"line":54,"column":19},"end":{"line":56,"column":13}}],"line":52},"12":{"loc":{"start":{"line":60,"column":11},"end":{"line":69,"column":5}},"type":"if","locations":[{"start":{"line":60,"column":11},"end":{"line":69,"column":5}},{"start":{"line":63,"column":11},"end":{"line":69,"column":5}}],"line":60},"13":{"loc":{"start":{"line":64,"column":8},"end":{"line":68,"column":9}},"type":"if","locations":[{"start":{"line":64,"column":8},"end":{"line":68,"column":9}},{"start":{"line":66,"column":15},"end":{"line":68,"column":9}}],"line":64},"14":{"loc":{"start":{"line":79,"column":4},"end":{"line":121,"column":5}},"type":"if","locations":[{"start":{"line":79,"column":4},"end":{"line":121,"column":5}},{"start":{"line":82,"column":9},"end":{"line":121,"column":5}}],"line":79},"15":{"loc":{"start":{"line":82,"column":9},"end":{"line":121,"column":5}},"type":"if","locations":[{"start":{"line":82,"column":9},"end":{"line":121,"column":5}},{"start":{"line":85,"column":9},"end":{"line":121,"column":5}}],"line":82},"16":{"loc":{"start":{"line":85,"column":9},"end":{"line":121,"column":5}},"type":"if","locations":[{"start":{"line":85,"column":9},"end":{"line":121,"column":5}},{"start":{},"end":{}}],"line":85},"17":{"loc":{"start":{"line":88,"column":12},"end":{"line":93,"column":13}},"type":"if","locations":[{"start":{"line":88,"column":12},"end":{"line":93,"column":13}},{"start":{},"end":{}}],"line":88},"18":{"loc":{"start":{"line":89,"column":16},"end":{"line":92,"column":17}},"type":"if","locations":[{"start":{"line":89,"column":16},"end":{"line":92,"column":17}},{"start":{},"end":{}}],"line":89},"19":{"loc":{"start":{"line":96,"column":8},"end":{"line":118,"column":9}},"type":"if","locations":[{"start":{"line":96,"column":8},"end":{"line":118,"column":9}},{"start":{"line":108,"column":15},"end":{"line":118,"column":9}}],"line":96},"20":{"loc":{"start":{"line":100,"column":16},"end":{"line":102,"column":17}},"type":"if","locations":[{"start":{"line":100,"column":16},"end":{"line":102,"column":17}},{"start":{},"end":{}}],"line":100},"21":{"loc":{"start":{"line":111,"column":16},"end":{"line":114,"column":17}},"type":"if","locations":[{"start":{"line":111,"column":16},"end":{"line":114,"column":17}},{"start":{},"end":{}}],"line":111},"22":{"loc":{"start":{"line":127,"column":4},"end":{"line":143,"column":31}},"type":"if","locations":[{"start":{"line":127,"column":4},"end":{"line":143,"column":31}},{"start":{"line":130,"column":11},"end":{"line":143,"column":31}}],"line":127},"23":{"loc":{"start":{"line":130,"column":11},"end":{"line":143,"column":31}},"type":"if","locations":[{"start":{"line":130,"column":11},"end":{"line":143,"column":31}},{"start":{"line":143,"column":8},"end":{"line":143,"column":31}}],"line":130},"24":{"loc":{"start":{"line":150,"column":8},"end":{"line":152,"column":9}},"type":"if","locations":[{"start":{"line":150,"column":8},"end":{"line":152,"column":9}},{"start":{},"end":{}}],"line":150},"25":{"loc":{"start":{"line":160,"column":4},"end":{"line":169,"column":5}},"type":"if","locations":[{"start":{"line":160,"column":4},"end":{"line":169,"column":5}},{"start":{"line":163,"column":11},"end":{"line":169,"column":5}}],"line":160},"26":{"loc":{"start":{"line":163,"column":11},"end":{"line":169,"column":5}},"type":"if","locations":[{"start":{"line":163,"column":11},"end":{"line":169,"column":5}},{"start":{"line":166,"column":11},"end":{"line":169,"column":5}}],"line":163},"27":{"loc":{"start":{"line":163,"column":15},"end":{"line":163,"column":82}},"type":"binary-expr","locations":[{"start":{"line":163,"column":15},"end":{"line":163,"column":46}},{"start":{"line":163,"column":50},"end":{"line":163,"column":82}}],"line":163}},"s":{"0":1,"1":0,"2":0,"3":0,"4":0,"5":0,"6":0,"7":0,"8":0,"9":0,"10":1,"11":0,"12":0,"13":0,"14":0,"15":0,"16":0,"17":0,"18":0,"19":0,"20":0,"21":0,"22":0,"23":0,"24":0,"25":0,"26":0,"27":0,"28":0,"29":0,"30":0,"31":0,"32":0,"33":0,"34":0,"35":0,"36":0,"37":1,"38":0,"39":0,"40":0,"41":0,"42":0,"43":0,"44":0,"45":0,"46":0,"47":0,"48":0,"49":0,"50":0,"51":0,"52":0,"53":0,"54":0,"55":0,"56":0,"57":0,"58":0,"59":0,"60":0,"61":0,"62":0,"63":0,"64":0,"65":0,"66":0,"67":1,"68":0,"69":0,"70":0,"71":0,"72":0,"73":0,"74":0,"75":0,"76":0,"77":0,"78":0,"79":0,"80":0,"81":0,"82":0,"83":0,"84":0,"85":0,"86":0,"87":0,"88":0,"89":0,"90":0,"91":0,"92":0},"f":{"0":0,"1":0,"2":0,"3":0,"4":0,"5":0,"6":0,"7":0,"8":0,"9":0,"10":0},"b":{"0":[0,0],"1":[0,0],"2":[0,0],"3":[0,0],"4":[0,0],"5":[0,0],"6":[0,0],"7":[0,0],"8":[0,0],"9":[0,0],"10":[0,0],"11":[0,0],"12":[0,0],"13":[0,0],"14":[0,0],"15":[0,0],"16":[0,0],"17":[0,0],"18":[0,0],"19":[0,0],"20":[0,0],"21":[0,0],"22":[0,0],"23":[0,0],"24":[0,0],"25":[0,0],"26":[0,0],"27":[0,0]},"_coverageSchema":"1a1c01bbd47fc00a2c39e90264f33305004495a9","hash":"28eb54bb22d2243e3a5ab3f67f8b7b0200fa13bb"}
,"/home/danel/arena/server/src/utils/strategy.js": {"path":"/home/danel/arena/server/src/utils/strategy.js","statementMap":{"0":{"start":{"line":2,"column":24},"end":{"line":14,"column":1}},"1":{"start":{"line":3,"column":20},"end":{"line":12,"column":3}},"2":{"start":{"line":13,"column":2},"end":{"line":13,"column":29}},"3":{"start":{"line":17,"column":2},"end":{"line":17,"column":45}},"4":{"start":{"line":17,"column":31},"end":{"line":17,"column":45}},"5":{"start":{"line":19,"column":2},"end":{"line":35,"column":18}},"6":{"start":{"line":20,"column":4},"end":{"line":34,"column":5}},"7":{"start":{"line":22,"column":8},"end":{"line":24,"column":9}},"8":{"start":{"line":23,"column":10},"end":{"line":23,"column":97}},"9":{"start":{"line":25,"column":8},"end":{"line":27,"column":9}},"10":{"start":{"line":26,"column":10},"end":{"line":26,"column":92}},"11":{"start":{"line":28,"column":23},"end":{"line":28,"column":105}},"12":{"start":{"line":29,"column":8},"end":{"line":29,"column":108}},"13":{"start":{"line":31,"column":8},"end":{"line":31,"column":160}},"14":{"start":{"line":33,"column":8},"end":{"line":33,"column":22}},"15":{"start":{"line":39,"column":2},"end":{"line":39,"column":97}},"16":{"start":{"line":39,"column":58},"end":{"line":39,"column":97}},"17":{"start":{"line":40,"column":17},"end":{"line":40,"column":93}},"18":{"start":{"line":41,"column":2},"end":{"line":41,"column":50}},"19":{"start":{"line":44,"column":19},"end":{"line":52,"column":15}},"20":{"start":{"line":45,"column":4},"end":{"line":45,"column":107}},"21":{"start":{"line":45,"column":39},"end":{"line":45,"column":107}},"22":{"start":{"line":46,"column":4},"end":{"line":51,"column":4}},"23":{"start":{"line":53,"column":18},"end":{"line":53,"column":20}},"24":{"start":{"line":54,"column":2},"end":{"line":56,"column":3}},"25":{"start":{"line":55,"column":4},"end":{"line":55,"column":41}},"26":{"start":{"line":57,"column":2},"end":{"line":61,"column":3}},"27":{"start":{"line":62,"column":2},"end":{"line":64,"column":3}},"28":{"start":{"line":63,"column":4},"end":{"line":63,"column":53}},"29":{"start":{"line":65,"column":25},"end":{"line":65,"column":88}},"30":{"start":{"line":66,"column":2},"end":{"line":66,"column":23}},"31":{"start":{"line":71,"column":2},"end":{"line":88,"column":6}}},"fnMap":{"0":{"name":"(anonymous_0)","decl":{"start":{"line":2,"column":24},"end":{"line":2,"column":25}},"loc":{"start":{"line":2,"column":38},"end":{"line":14,"column":1}},"line":2},"1":{"name":"generateConditionCode","decl":{"start":{"line":16,"column":9},"end":{"line":16,"column":30}},"loc":{"start":{"line":16,"column":43},"end":{"line":36,"column":1}},"line":16},"2":{"name":"(anonymous_2)","decl":{"start":{"line":19,"column":24},"end":{"line":19,"column":25}},"loc":{"start":{"line":19,"column":37},"end":{"line":35,"column":3}},"line":19},"3":{"name":"generateActionCode","decl":{"start":{"line":38,"column":9},"end":{"line":38,"column":27}},"loc":{"start":{"line":38,"column":36},"end":{"line":42,"column":1}},"line":38},"4":{"name":"generateStrategyCode","decl":{"start":{"line":43,"column":9},"end":{"line":43,"column":29}},"loc":{"start":{"line":43,"column":58},"end":{"line":68,"column":1}},"line":43},"5":{"name":"(anonymous_5)","decl":{"start":{"line":44,"column":30},"end":{"line":44,"column":31}},"loc":{"start":{"line":44,"column":48},"end":{"line":52,"column":3}},"line":44},"6":{"name":"generateHelperFunctions","decl":{"start":{"line":70,"column":9},"end":{"line":70,"column":32}},"loc":{"start":{"line":70,"column":35},"end":{"line":89,"column":1}},"line":70}},"branchMap":{"0":{"loc":{"start":{"line":17,"column":2},"end":{"line":17,"column":45}},"type":"if","locations":[{"start":{"line":17,"column":2},"end":{"line":17,"column":45}},{"start":{},"end":{}}],"line":17},"1":{"loc":{"start":{"line":20,"column":4},"end":{"line":34,"column":5}},"type":"switch","locations":[{"start":{"line":21,"column":6},"end":{"line":29,"column":108}},{"start":{"line":30,"column":6},"end":{"line":31,"column":160}},{"start":{"line":32,"column":6},"end":{"line":33,"column":22}}],"line":20},"2":{"loc":{"start":{"line":22,"column":8},"end":{"line":24,"column":9}},"type":"if","locations":[{"start":{"line":22,"column":8},"end":{"line":24,"column":9}},{"start":{},"end":{}}],"line":22},"3":{"loc":{"start":{"line":25,"column":8},"end":{"line":27,"column":9}},"type":"if","locations":[{"start":{"line":25,"column":8},"end":{"line":27,"column":9}},{"start":{},"end":{}}],"line":25},"4":{"loc":{"start":{"line":28,"column":23},"end":{"line":28,"column":105}},"type":"cond-expr","locations":[{"start":{"line":28,"column":53},"end":{"line":28,"column":59}},{"start":{"line":28,"column":62},"end":{"line":28,"column":105}}],"line":28},"5":{"loc":{"start":{"line":39,"column":2},"end":{"line":39,"column":97}},"type":"if","locations":[{"start":{"line":39,"column":2},"end":{"line":39,"column":97}},{"start":{},"end":{}}],"line":39},"6":{"loc":{"start":{"line":39,"column":6},"end":{"line":39,"column":56}},"type":"binary-expr","locations":[{"start":{"line":39,"column":6},"end":{"line":39,"column":30}},{"start":{"line":39,"column":34},"end":{"line":39,"column":56}}],"line":39},"7":{"loc":{"start":{"line":40,"column":17},"end":{"line":40,"column":93}},"type":"cond-expr","locations":[{"start":{"line":40,"column":44},"end":{"line":40,"column":50}},{"start":{"line":40,"column":53},"end":{"line":40,"column":93}}],"line":40},"8":{"loc":{"start":{"line":43,"column":38},"end":{"line":43,"column":56}},"type":"default-arg","locations":[{"start":{"line":43,"column":51},"end":{"line":43,"column":56}}],"line":43},"9":{"loc":{"start":{"line":45,"column":4},"end":{"line":45,"column":107}},"type":"if","locations":[{"start":{"line":45,"column":4},"end":{"line":45,"column":107}},{"start":{},"end":{}}],"line":45},"10":{"loc":{"start":{"line":54,"column":2},"end":{"line":56,"column":3}},"type":"if","locations":[{"start":{"line":54,"column":2},"end":{"line":56,"column":3}},{"start":{},"end":{}}],"line":54},"11":{"loc":{"start":{"line":62,"column":2},"end":{"line":64,"column":3}},"type":"if","locations":[{"start":{"line":62,"column":2},"end":{"line":64,"column":3}},{"start":{},"end":{}}],"line":62}},"s":{"0":1,"1":0,"2":0,"3":0,"4":0,"5":0,"6":0,"7":0,"8":0,"9":0,"10":0,"11":0,"12":0,"13":0,"14":0,"15":1,"16":0,"17":1,"18":1,"19":1,"20":1,"21":1,"22":0,"23":1,"24":1,"25":1,"26":1,"27":1,"28":1,"29":0,"30":0,"31":1},"f":{"0":0,"1":0,"2":0,"3":1,"4":1,"5":1,"6":1},"b":{"0":[0,0],"1":[0,0,0],"2":[0,0],"3":[0,0],"4":[0,0],"5":[0,1],"6":[1,1],"7":[0,1],"8":[0],"9":[1,0],"10":[1,0],"11":[1,0]},"_coverageSchema":"1a1c01bbd47fc00a2c39e90264f33305004495a9","hash":"05c68012e8002e9ffd2d0b3c83184487b5e0623f"}
}
